DEBUG:root:Wordle has started
DEBUG:root:Puzzle no 1 has been initialized
DEBUG:root:"brags" has been entered to guess list
DEBUG:root:"mound" has been entered to guess list
DEBUG:root:"orbit" has been entered to guess list
DEBUG:root:"frock" has been entered to guess list
DEBUG:root:"felow" has not been entered to guess list
DEBUG:root:input word is not found in word list
DEBUG:root:"felon" has been entered to guess list
DEBUG:root:"flezo" has not been entered to guess list
DEBUG:root:input word is not found in word list
DEBUG:root:"flevo" has not been entered to guess list
DEBUG:root:input word is not found in word list
DEBUG:root:"fleeo" has not been entered to guess list
DEBUG:root:input word is not found in word list
DEBUG:root:"felat" has not been entered to guess list
DEBUG:root:input word is not found in word list
DEBUG:root:"fello" has not been entered to guess list
DEBUG:root:input word is not found in word list
DEBUG:root:"moist" has been entered to guess list
DEBUG:root:
 b. r. a. g. s.
 m. o  u. n. d.
 o  r. b. i. t.
 F  r. o  c. k.
 F  e  l  o  n.
 m. o  i. s. t.
good letters: ['e', 'f', 'h', 'j', 'l', 'o', 'p', 'q', 'v', 'w', 'x', 'y', 'z']
bad letters: ['a', 'b', 'c', 'd', 'g', 'i', 'k', 'm', 'n', 'r', 's', 't', 'u']
DEBUG:root:You lost the game. Answer was "flexo"
DEBUG:root:you exitted the game
DEBUG:Comm:handle_close[ac128ee62bb511ee9f49f7023a7b7f2d]({'header': {'msg_id': '43222b5c-06c953bcc44f74b5c5e47720_3659_81', 'msg_type': 'comm_close', 'username': 'dukes', 'session': '43222b5c-06c953bcc44f74b5c5e47720', 'date': datetime.datetime(2023, 7, 26, 13, 41, 15, 633899, tzinfo=tzutc()), 'version': '5.3'}, 'msg_id': '43222b5c-06c953bcc44f74b5c5e47720_3659_81', 'msg_type': 'comm_close', 'parent_header': {}, 'metadata': {}, 'content': {'comm_id': 'ac128ee62bb511ee9f49f7023a7b7f2d', 'data': {}}, 'buffers': []})
